<?xml version="1.0" encoding="UTF-8"?>
<!-- Generated by org.testng.reporters.JUnitReportReporter -->
<testsuite hostname="kimtuyen123" failures="0" tests="1" name="Test.UpdateKhachHang" time="5.200" errors="0" timestamp="2024-04-08T16:32:58 ICT" skipped="0">
  <testcase classname="Test.UpdateKhachHang" name="test12" time="5.200"/>
  <system-out/>
</testsuite> <!-- Test.UpdateKhachHang -->
