<?xml version="1.0" encoding="UTF-8"?>
<!-- Generated by org.testng.reporters.JUnitReportReporter -->
<testsuite hostname="kimtuyen123" failures="0" tests="1" name="Test.LamMoiKhachHang" time="5.242" errors="0" timestamp="2024-04-10T13:07:17 ICT" skipped="0">
  <testcase classname="Test.LamMoiKhachHang" name="test" time="5.242"/>
  <system-out/>
</testsuite> <!-- Test.LamMoiKhachHang -->
